Build started 3/19/2015 8:50:57 PM.
     1>Project "D:\cuda-convnet2\convnet2\convnet2.vcxproj" on node 2 (Build target(s)).
     1>C:\Program Files (x86)\MSBuild\Microsoft.Cpp\v4.0\V110\Microsoft.CppBuild.targets(346,5): warning MSB8004: Output Directory does not end with a trailing slash.  This build instance will add the slash as it is required to allow proper evaluation of the Output Directory.
     1>CudaBuild:
         Compiling CUDA source file ..\cudaconv3\src\conv_util.cu...
         cmd.exe /C "C:\Users\v-wushi\AppData\Local\Temp\tmpb26d1864bc68402ea349d8d341b8e741.cmd"
         "C:\Program Files\NVIDIA GPU Computing Toolkit\CUDA\v6.5\bin\nvcc.exe" -gencode=arch=compute_20,code=\"sm_20,compute_20\" --use-local-env --cl-version 2012 -ccbin "C:\Program Files (x86)\Microsoft Visual Studio 11.0\VC\bin\x86_amd64"  -I"D:\Python27\Lib\site-packages\numpy\core\include\numpy" -I../thirdparty/python -I../thirdparty/pthread_win32 -I../thirdparty -I../cudaconv3/include -I../cudaconvnet/include -I../thirdparty/libjpeg -I"../make-data/pyext/include" -I../nvmatrix/include -I../util/include -I"C:\Program Files\NVIDIA GPU Computing Toolkit\CUDA\v6.5\include" -I"C:\Program Files\NVIDIA GPU Computing Toolkit\CUDA\v6.5\include"  -G   --keep-dir x64\Debug -maxrregcount=0  --machine 64 --compile -cudart static  -g   -DNUMPY_INTERFACE -DXMD_H -DWIN32 -D_DEBUG -D_CONSOLE -D_UNICODE -DUNICODE -Xcompiler "/EHsc /W3 /nologo /Od /Zi /RTC1 /MDd  " -o ../tmp\Debug\conv_util.cu.obj "D:\cuda-convnet2\cudaconv3\src\conv_util.cu"
         
         D:\cuda-convnet2\convnet2>"C:\Program Files\NVIDIA GPU Computing Toolkit\CUDA\v6.5\bin\nvcc.exe" -gencode=arch=compute_20,code=\"sm_20,compute_20\" --use-local-env --cl-version 2012 -ccbin "C:\Program Files (x86)\Microsoft Visual Studio 11.0\VC\bin\x86_amd64"  -I"D:\Python27\Lib\site-packages\numpy\core\include\numpy" -I../thirdparty/python -I../thirdparty/pthread_win32 -I../thirdparty -I../cudaconv3/include -I../cudaconvnet/include -I../thirdparty/libjpeg -I"../make-data/pyext/include" -I../nvmatrix/include -I../util/include -I"C:\Program Files\NVIDIA GPU Computing Toolkit\CUDA\v6.5\include" -I"C:\Program Files\NVIDIA GPU Computing Toolkit\CUDA\v6.5\include"  -G   --keep-dir x64\Debug -maxrregcount=0  --machine 64 --compile -cudart static  -g   -DNUMPY_INTERFACE -DXMD_H -DWIN32 -D_DEBUG -D_CONSOLE -D_UNICODE -DUNICODE -Xcompiler "/EHsc /W3 /nologo /Od /Zi /RTC1 /MDd  " -o ../tmp\Debug\conv_util.cu.obj "D:\cuda-convnet2\cudaconv3\src\conv_util.cu" 
     1>d:\cuda-convnet2\nvmatrix\include\../../util/include/matrix.h(23): fatal error C1083: Cannot open include file: 'arrayobject.h': No such file or directory
         conv_util.cu
     1>C:\Program Files (x86)\MSBuild\Microsoft.Cpp\v4.0\V110\BuildCustomizations\CUDA 6.5.targets(593,9): error MSB3721: The command ""C:\Program Files\NVIDIA GPU Computing Toolkit\CUDA\v6.5\bin\nvcc.exe" -gencode=arch=compute_20,code=\"sm_20,compute_20\" --use-local-env --cl-version 2012 -ccbin "C:\Program Files (x86)\Microsoft Visual Studio 11.0\VC\bin\x86_amd64"  -I"D:\Python27\Lib\site-packages\numpy\core\include\numpy" -I../thirdparty/python -I../thirdparty/pthread_win32 -I../thirdparty -I../cudaconv3/include -I../cudaconvnet/include -I../thirdparty/libjpeg -I"../make-data/pyext/include" -I../nvmatrix/include -I../util/include -I"C:\Program Files\NVIDIA GPU Computing Toolkit\CUDA\v6.5\include" -I"C:\Program Files\NVIDIA GPU Computing Toolkit\CUDA\v6.5\include"  -G   --keep-dir x64\Debug -maxrregcount=0  --machine 64 --compile -cudart static  -g   -DNUMPY_INTERFACE -DXMD_H -DWIN32 -D_DEBUG -D_CONSOLE -D_UNICODE -DUNICODE -Xcompiler "/EHsc /W3 /nologo /Od /Zi /RTC1 /MDd  " -o ../tmp\Debug\conv_util.cu.obj "D:\cuda-convnet2\cudaconv3\src\conv_util.cu"" exited with code 2.
     1>Done Building Project "D:\cuda-convnet2\convnet2\convnet2.vcxproj" (Build target(s)) -- FAILED.

Build FAILED.

Time Elapsed 00:00:01.10
